1578639013439	mozrunner::runner	INFO	Running command: "/usr/bin/firefox" "-marionette" "-foreground" "-no-remote" "-profile" "/tmp/rust_mozprofile.3ONGoAZZyuXy"
1578639014674	addons.webextension.screenshots@mozilla.org	WARN	Loading extension 'screenshots@mozilla.org': Reading manifest: Invalid extension permission: mozillaAddons
1578639014674	addons.webextension.screenshots@mozilla.org	WARN	Loading extension 'screenshots@mozilla.org': Reading manifest: Invalid extension permission: telemetry
1578639014674	addons.webextension.screenshots@mozilla.org	WARN	Loading extension 'screenshots@mozilla.org': Reading manifest: Invalid extension permission: resource://pdf.js/
1578639014674	addons.webextension.screenshots@mozilla.org	WARN	Loading extension 'screenshots@mozilla.org': Reading manifest: Invalid extension permission: about:reader*
1578639018671	Marionette	INFO	Listening on port 33191
1578639018753	Marionette	WARN	TLS certificate errors will be ignored for this session
[Parent 8111, Gecko_IOThread] WARNING: pipe error (119): Connection reset by peer: file /build/firefox-kECWsf/firefox-71.0+build5/ipc/chromium/src/chrome/common/ipc_channel_posix.cc, line 358
[Parent 8111, Gecko_IOThread] WARNING: pipe error (76): Connection reset by peer: file /build/firefox-kECWsf/firefox-71.0+build5/ipc/chromium/src/chrome/common/ipc_channel_posix.cc, line 358
JavaScript error: , line 0: UnknownError: The operation failed for reasons unrelated to the database itself and not covered by any other error code.
1578639098105	Marionette	INFO	Stopped listening on port 33191
1578639179303	mozrunner::runner	INFO	Running command: "/usr/bin/firefox" "-marionette" "-foreground" "-no-remote" "-profile" "/tmp/rust_mozprofile.oUm9PTeDiphG"
1578639180150	addons.webextension.screenshots@mozilla.org	WARN	Loading extension 'screenshots@mozilla.org': Reading manifest: Invalid extension permission: mozillaAddons
1578639180151	addons.webextension.screenshots@mozilla.org	WARN	Loading extension 'screenshots@mozilla.org': Reading manifest: Invalid extension permission: telemetry
1578639180151	addons.webextension.screenshots@mozilla.org	WARN	Loading extension 'screenshots@mozilla.org': Reading manifest: Invalid extension permission: resource://pdf.js/
1578639180151	addons.webextension.screenshots@mozilla.org	WARN	Loading extension 'screenshots@mozilla.org': Reading manifest: Invalid extension permission: about:reader*
1578639183174	Marionette	INFO	Listening on port 42559
1578639183236	Marionette	WARN	TLS certificate errors will be ignored for this session
[Parent 8426, Gecko_IOThread] WARNING: pipe error (83): Connection reset by peer: file /build/firefox-kECWsf/firefox-71.0+build5/ipc/chromium/src/chrome/common/ipc_channel_posix.cc, line 358
[Parent 8426, Gecko_IOThread] WARNING: pipe error (76): Connection reset by peer: file /build/firefox-kECWsf/firefox-71.0+build5/ipc/chromium/src/chrome/common/ipc_channel_posix.cc, line 358
JavaScript error: , line 0: UnknownError: The operation failed for reasons unrelated to the database itself and not covered by any other error code.
1578639270085	Marionette	INFO	Stopped listening on port 42559
1578639271747	mozrunner::runner	INFO	Running command: "/usr/bin/firefox" "-marionette" "-foreground" "-no-remote" "-profile" "/tmp/rust_mozprofile.Q3o944dYoVbY"
1578639272650	addons.webextension.screenshots@mozilla.org	WARN	Loading extension 'screenshots@mozilla.org': Reading manifest: Invalid extension permission: mozillaAddons
1578639272650	addons.webextension.screenshots@mozilla.org	WARN	Loading extension 'screenshots@mozilla.org': Reading manifest: Invalid extension permission: telemetry
1578639272650	addons.webextension.screenshots@mozilla.org	WARN	Loading extension 'screenshots@mozilla.org': Reading manifest: Invalid extension permission: resource://pdf.js/
1578639272650	addons.webextension.screenshots@mozilla.org	WARN	Loading extension 'screenshots@mozilla.org': Reading manifest: Invalid extension permission: about:reader*
1578639275596	Marionette	INFO	Listening on port 44913
1578639275657	Marionette	WARN	TLS certificate errors will be ignored for this session
JavaScript error: , line 0: UnknownError: The operation failed for reasons unrelated to the database itself and not covered by any other error code.
1578639357728	Marionette	INFO	Stopped listening on port 44913
1578639578082	mozrunner::runner	INFO	Running command: "/usr/bin/firefox" "-marionette" "-foreground" "-no-remote" "-profile" "/tmp/rust_mozprofile.Z8gJ8dqKX0AO"
1578639578929	addons.webextension.screenshots@mozilla.org	WARN	Loading extension 'screenshots@mozilla.org': Reading manifest: Invalid extension permission: mozillaAddons
1578639578929	addons.webextension.screenshots@mozilla.org	WARN	Loading extension 'screenshots@mozilla.org': Reading manifest: Invalid extension permission: telemetry
1578639578929	addons.webextension.screenshots@mozilla.org	WARN	Loading extension 'screenshots@mozilla.org': Reading manifest: Invalid extension permission: resource://pdf.js/
1578639578930	addons.webextension.screenshots@mozilla.org	WARN	Loading extension 'screenshots@mozilla.org': Reading manifest: Invalid extension permission: about:reader*
1578639581859	Marionette	INFO	Listening on port 35639
1578639581893	Marionette	WARN	TLS certificate errors will be ignored for this session
1578639640792	Marionette	INFO	Stopped listening on port 35639
1578639696066	mozrunner::runner	INFO	Running command: "/usr/bin/firefox" "-marionette" "-foreground" "-no-remote" "-profile" "/tmp/rust_mozprofile.V7Pybf58aXIK"
1578639696912	addons.webextension.screenshots@mozilla.org	WARN	Loading extension 'screenshots@mozilla.org': Reading manifest: Invalid extension permission: mozillaAddons
1578639696913	addons.webextension.screenshots@mozilla.org	WARN	Loading extension 'screenshots@mozilla.org': Reading manifest: Invalid extension permission: telemetry
1578639696913	addons.webextension.screenshots@mozilla.org	WARN	Loading extension 'screenshots@mozilla.org': Reading manifest: Invalid extension permission: resource://pdf.js/
1578639696913	addons.webextension.screenshots@mozilla.org	WARN	Loading extension 'screenshots@mozilla.org': Reading manifest: Invalid extension permission: about:reader*
1578639699716	Marionette	INFO	Listening on port 43897
1578639699775	Marionette	WARN	TLS certificate errors will be ignored for this session
1578639711019	Marionette	INFO	Stopped listening on port 43897
1578639892875	mozrunner::runner	INFO	Running command: "/usr/bin/firefox" "-marionette" "-foreground" "-no-remote" "-profile" "/tmp/rust_mozprofile.HkNUrtOSg4OJ"
1578639893695	addons.webextension.screenshots@mozilla.org	WARN	Loading extension 'screenshots@mozilla.org': Reading manifest: Invalid extension permission: mozillaAddons
1578639893695	addons.webextension.screenshots@mozilla.org	WARN	Loading extension 'screenshots@mozilla.org': Reading manifest: Invalid extension permission: telemetry
1578639893695	addons.webextension.screenshots@mozilla.org	WARN	Loading extension 'screenshots@mozilla.org': Reading manifest: Invalid extension permission: resource://pdf.js/
1578639893695	addons.webextension.screenshots@mozilla.org	WARN	Loading extension 'screenshots@mozilla.org': Reading manifest: Invalid extension permission: about:reader*
1578639896484	Marionette	INFO	Listening on port 35845
1578639896587	Marionette	WARN	TLS certificate errors will be ignored for this session
1578639928237	Marionette	INFO	Stopped listening on port 35845
[Parent 9401, Gecko_IOThread] WARNING: pipe error (75): Connection reset by peer: file /build/firefox-kECWsf/firefox-71.0+build5/ipc/chromium/src/chrome/common/ipc_channel_posix.cc, line 358
[Parent 9401, Gecko_IOThread] WARNING: pipe error (101): Connection reset by peer: file /build/firefox-kECWsf/firefox-71.0+build5/ipc/chromium/src/chrome/common/ipc_channel_posix.cc, line 358
JavaScript error: , line 0: UnknownError: The operation failed for reasons unrelated to the database itself and not covered by any other error code.
1578640225068	mozrunner::runner	INFO	Running command: "/usr/bin/firefox" "-marionette" "-foreground" "-no-remote" "-profile" "/tmp/rust_mozprofile.WSfdkJbmnd7Z"
1578640225844	addons.webextension.screenshots@mozilla.org	WARN	Loading extension 'screenshots@mozilla.org': Reading manifest: Invalid extension permission: mozillaAddons
1578640225844	addons.webextension.screenshots@mozilla.org	WARN	Loading extension 'screenshots@mozilla.org': Reading manifest: Invalid extension permission: telemetry
1578640225844	addons.webextension.screenshots@mozilla.org	WARN	Loading extension 'screenshots@mozilla.org': Reading manifest: Invalid extension permission: resource://pdf.js/
1578640225844	addons.webextension.screenshots@mozilla.org	WARN	Loading extension 'screenshots@mozilla.org': Reading manifest: Invalid extension permission: about:reader*
1578640228556	Marionette	INFO	Listening on port 40399
1578640228578	Marionette	WARN	TLS certificate errors will be ignored for this session
1578640448791	mozrunner::runner	INFO	Running command: "/usr/bin/firefox" "-marionette" "-foreground" "-no-remote" "-profile" "/tmp/rust_mozprofile.3BI4sOSFCkIK"
1578640449582	addons.webextension.screenshots@mozilla.org	WARN	Loading extension 'screenshots@mozilla.org': Reading manifest: Invalid extension permission: mozillaAddons
1578640449583	addons.webextension.screenshots@mozilla.org	WARN	Loading extension 'screenshots@mozilla.org': Reading manifest: Invalid extension permission: telemetry
1578640449583	addons.webextension.screenshots@mozilla.org	WARN	Loading extension 'screenshots@mozilla.org': Reading manifest: Invalid extension permission: resource://pdf.js/
1578640449583	addons.webextension.screenshots@mozilla.org	WARN	Loading extension 'screenshots@mozilla.org': Reading manifest: Invalid extension permission: about:reader*
1578640452169	Marionette	INFO	Listening on port 46287
1578640452204	Marionette	WARN	TLS certificate errors will be ignored for this session
1578640497943	Marionette	INFO	Stopped listening on port 46287
1578649120438	mozrunner::runner	INFO	Running command: "/usr/bin/firefox" "-marionette" "-foreground" "-no-remote" "-profile" "/tmp/rust_mozprofile.Tmhzpvw8iFID"
1578649121222	addons.webextension.screenshots@mozilla.org	WARN	Loading extension 'screenshots@mozilla.org': Reading manifest: Invalid extension permission: mozillaAddons
1578649121222	addons.webextension.screenshots@mozilla.org	WARN	Loading extension 'screenshots@mozilla.org': Reading manifest: Invalid extension permission: telemetry
1578649121222	addons.webextension.screenshots@mozilla.org	WARN	Loading extension 'screenshots@mozilla.org': Reading manifest: Invalid extension permission: resource://pdf.js/
1578649121222	addons.webextension.screenshots@mozilla.org	WARN	Loading extension 'screenshots@mozilla.org': Reading manifest: Invalid extension permission: about:reader*
1578649124011	Marionette	INFO	Listening on port 38013
1578649124059	Marionette	WARN	TLS certificate errors will be ignored for this session

(/usr/lib/firefox/firefox:11301): dconf-WARNING **: 15:08:59.975: Unable to open /var/lib/snapd/desktop/dconf/profile/user: Permission denied
1578649168724	Marionette	INFO	Stopped listening on port 38013
1578649473318	mozrunner::runner	INFO	Running command: "/usr/bin/firefox" "-marionette" "-foreground" "-no-remote" "-profile" "/tmp/rust_mozprofile.cIX6olnKJzv1"
1578649474125	addons.webextension.screenshots@mozilla.org	WARN	Loading extension 'screenshots@mozilla.org': Reading manifest: Invalid extension permission: mozillaAddons
1578649474125	addons.webextension.screenshots@mozilla.org	WARN	Loading extension 'screenshots@mozilla.org': Reading manifest: Invalid extension permission: telemetry
1578649474125	addons.webextension.screenshots@mozilla.org	WARN	Loading extension 'screenshots@mozilla.org': Reading manifest: Invalid extension permission: resource://pdf.js/
1578649474125	addons.webextension.screenshots@mozilla.org	WARN	Loading extension 'screenshots@mozilla.org': Reading manifest: Invalid extension permission: about:reader*
1578649477253	Marionette	INFO	Listening on port 32839
1578649477339	Marionette	WARN	TLS certificate errors will be ignored for this session

(/usr/lib/firefox/firefox:11595): dconf-WARNING **: 15:14:56.529: Unable to open /var/lib/snapd/desktop/dconf/profile/user: Permission denied
1578649516991	Marionette	INFO	Stopped listening on port 32839
1578649619191	mozrunner::runner	INFO	Running command: "/usr/bin/firefox" "-marionette" "-foreground" "-no-remote" "-profile" "/tmp/rust_mozprofile.Yy22A1sWj1UB"
1578649619966	addons.webextension.screenshots@mozilla.org	WARN	Loading extension 'screenshots@mozilla.org': Reading manifest: Invalid extension permission: mozillaAddons
1578649619966	addons.webextension.screenshots@mozilla.org	WARN	Loading extension 'screenshots@mozilla.org': Reading manifest: Invalid extension permission: telemetry
1578649619966	addons.webextension.screenshots@mozilla.org	WARN	Loading extension 'screenshots@mozilla.org': Reading manifest: Invalid extension permission: resource://pdf.js/
1578649619966	addons.webextension.screenshots@mozilla.org	WARN	Loading extension 'screenshots@mozilla.org': Reading manifest: Invalid extension permission: about:reader*
1578649622888	Marionette	INFO	Listening on port 42611
1578649622926	Marionette	WARN	TLS certificate errors will be ignored for this session

(/usr/lib/firefox/firefox:11803): dconf-WARNING **: 15:17:12.909: Unable to open /var/lib/snapd/desktop/dconf/profile/user: Permission denied
JavaScript error: resource://gre/modules/LoginManagerContent.jsm, line 179: NS_ERROR_FAILURE: Component returned failure code: 0x80004005 (NS_ERROR_FAILURE) [nsIAutoCompleteController.getStyleAt]
[Parent 11740, Gecko_IOThread] WARNING: pipe error (75): Connection reset by peer: file /build/firefox-kECWsf/firefox-71.0+build5/ipc/chromium/src/chrome/common/ipc_channel_posix.cc, line 358
[Parent 11740, Gecko_IOThread] WARNING: pipe error (95): Connection reset by peer: file /build/firefox-kECWsf/firefox-71.0+build5/ipc/chromium/src/chrome/common/ipc_channel_posix.cc, line 358
JavaScript error: , line 0: UnknownError: The operation failed for reasons unrelated to the database itself and not covered by any other error code.
1578649692466	Marionette	INFO	Stopped listening on port 42611
1578649817330	mozrunner::runner	INFO	Running command: "/usr/bin/firefox" "-marionette" "-foreground" "-no-remote" "-profile" "/tmp/rust_mozprofile.ShoGNYaFli5U"
1578649818137	addons.webextension.screenshots@mozilla.org	WARN	Loading extension 'screenshots@mozilla.org': Reading manifest: Invalid extension permission: mozillaAddons
1578649818138	addons.webextension.screenshots@mozilla.org	WARN	Loading extension 'screenshots@mozilla.org': Reading manifest: Invalid extension permission: telemetry
1578649818138	addons.webextension.screenshots@mozilla.org	WARN	Loading extension 'screenshots@mozilla.org': Reading manifest: Invalid extension permission: resource://pdf.js/
1578649818138	addons.webextension.screenshots@mozilla.org	WARN	Loading extension 'screenshots@mozilla.org': Reading manifest: Invalid extension permission: about:reader*
1578649820891	Marionette	INFO	Listening on port 41237
1578649820940	Marionette	WARN	TLS certificate errors will be ignored for this session

(/usr/lib/firefox/firefox:12018): dconf-WARNING **: 15:20:32.613: Unable to open /var/lib/snapd/desktop/dconf/profile/user: Permission denied
JavaScript error: resource://gre/modules/LoginManagerContent.jsm, line 179: NS_ERROR_FAILURE: Component returned failure code: 0x80004005 (NS_ERROR_FAILURE) [nsIAutoCompleteController.getStyleAt]
[Parent 11957, Gecko_IOThread] WARNING: pipe error (78): Connection reset by peer: file /build/firefox-kECWsf/firefox-71.0+build5/ipc/chromium/src/chrome/common/ipc_channel_posix.cc, line 358
JavaScript error: , line 0: UnknownError: The operation failed for reasons unrelated to the database itself and not covered by any other error code.
1578649858278	Marionette	INFO	Stopped listening on port 41237
1578649928642	mozrunner::runner	INFO	Running command: "/usr/bin/firefox" "-marionette" "-foreground" "-no-remote" "-profile" "/tmp/rust_mozprofile.CXDHiuZerWB1"
1578649929502	addons.webextension.screenshots@mozilla.org	WARN	Loading extension 'screenshots@mozilla.org': Reading manifest: Invalid extension permission: mozillaAddons
1578649929502	addons.webextension.screenshots@mozilla.org	WARN	Loading extension 'screenshots@mozilla.org': Reading manifest: Invalid extension permission: telemetry
1578649929502	addons.webextension.screenshots@mozilla.org	WARN	Loading extension 'screenshots@mozilla.org': Reading manifest: Invalid extension permission: resource://pdf.js/
1578649929503	addons.webextension.screenshots@mozilla.org	WARN	Loading extension 'screenshots@mozilla.org': Reading manifest: Invalid extension permission: about:reader*
1578649932347	Marionette	INFO	Listening on port 37285
1578649932366	Marionette	WARN	TLS certificate errors will be ignored for this session

(/usr/lib/firefox/firefox:12217): dconf-WARNING **: 15:22:21.555: Unable to open /var/lib/snapd/desktop/dconf/profile/user: Permission denied
JavaScript error: resource://gre/modules/LoginManagerContent.jsm, line 179: NS_ERROR_FAILURE: Component returned failure code: 0x80004005 (NS_ERROR_FAILURE) [nsIAutoCompleteController.getStyleAt]
[Child 12217, Chrome_ChildThread] WARNING: pipe error (3): Connection reset by peer: file /build/firefox-kECWsf/firefox-71.0+build5/ipc/chromium/src/chrome/common/ipc_channel_posix.cc, line 358
[Parent 12156, Gecko_IOThread] WARNING: pipe error (90): Connection reset by peer: file /build/firefox-kECWsf/firefox-71.0+build5/ipc/chromium/src/chrome/common/ipc_channel_posix.cc, line 358
[Parent 12156, Gecko_IOThread] WARNING: pipe error (96): Connection reset by peer: file /build/firefox-kECWsf/firefox-71.0+build5/ipc/chromium/src/chrome/common/ipc_channel_posix.cc, line 358
JavaScript error: , line 0: UnknownError: The operation failed for reasons unrelated to the database itself and not covered by any other error code.
1578649969380	Marionette	INFO	Stopped listening on port 37285
1578650085021	mozrunner::runner	INFO	Running command: "/usr/bin/firefox" "-marionette" "-foreground" "-no-remote" "-profile" "/tmp/rust_mozprofile.ITPtlCYFAkKk"
1578650085792	addons.webextension.screenshots@mozilla.org	WARN	Loading extension 'screenshots@mozilla.org': Reading manifest: Invalid extension permission: mozillaAddons
1578650085792	addons.webextension.screenshots@mozilla.org	WARN	Loading extension 'screenshots@mozilla.org': Reading manifest: Invalid extension permission: telemetry
1578650085793	addons.webextension.screenshots@mozilla.org	WARN	Loading extension 'screenshots@mozilla.org': Reading manifest: Invalid extension permission: resource://pdf.js/
1578650085793	addons.webextension.screenshots@mozilla.org	WARN	Loading extension 'screenshots@mozilla.org': Reading manifest: Invalid extension permission: about:reader*
1578650088649	Marionette	INFO	Listening on port 45815
1578650088738	Marionette	WARN	TLS certificate errors will be ignored for this session

(/usr/lib/firefox/firefox:12470): dconf-WARNING **: 15:26:48.243: Unable to open /var/lib/snapd/desktop/dconf/profile/user: Permission denied
[Parent 12409, Gecko_IOThread] WARNING: pipe error (94): Connection reset by peer: file /build/firefox-kECWsf/firefox-71.0+build5/ipc/chromium/src/chrome/common/ipc_channel_posix.cc, line 358
[Parent 12409, Gecko_IOThread] WARNING: pipe error (95): Connection reset by peer: file /build/firefox-kECWsf/firefox-71.0+build5/ipc/chromium/src/chrome/common/ipc_channel_posix.cc, line 358
JavaScript error: , line 0: UnknownError: The operation failed for reasons unrelated to the database itself and not covered by any other error code.
1578650356458	Marionette	INFO	Stopped listening on port 45815
